<?xml version="1.0" encoding="UTF-8"?>
<testng-results ignored="0" total="1" passed="1" failed="0" skipped="0">
  <reporter-output>
  </reporter-output>
  <suite started-at="2025-06-02T12:37:37 IST" name="Default suite" finished-at="2025-06-02T12:37:47 IST" duration-ms="9595">
    <groups>
    </groups>
    <test started-at="2025-06-02T12:37:37 IST" name="Default test" finished-at="2025-06-02T12:37:47 IST" duration-ms="9595">
      <class name="com.sevenmartsupermarket.tests.ManageProductTest">
        <test-method is-config="true" signature="launchBrowser()[pri:0, instance:com.sevenmartsupermarket.tests.ManageProductTest@1a677343]" started-at="2025-06-02T12:37:37 IST" name="launchBrowser" finished-at="2025-06-02T12:37:43 IST" duration-ms="5742" status="PASS">
          <reporter-output>
          </reporter-output>
        </test-method> <!-- launchBrowser -->
        <test-method signature="verifyClickNewButton()[pri:0, instance:com.sevenmartsupermarket.tests.ManageProductTest@1a677343]" started-at="2025-06-02T12:37:43 IST" name="verifyClickNewButton" finished-at="2025-06-02T12:37:47 IST" duration-ms="3738" status="PASS">
          <reporter-output>
          </reporter-output>
        </test-method> <!-- verifyClickNewButton -->
        <test-method is-config="true" signature="terminateSession(org.testng.ITestResult)[pri:0, instance:com.sevenmartsupermarket.tests.ManageProductTest@1a677343]" started-at="2025-06-02T12:37:47 IST" name="terminateSession" finished-at="2025-06-02T12:37:47 IST" duration-ms="7" status="PASS">
          <params>
            <param index="0">
              <value>
                <![CDATA[[TestResult name=verifyClickNewButton status=SUCCESS method=ManageProductTest.verifyClickNewButton()[pri:0, instance:com.sevenmartsupermarket.tests.ManageProductTest@1a677343] output={null}]]]>
              </value>
            </param>
          </params>
          <reporter-output>
          </reporter-output>
        </test-method> <!-- terminateSession -->
      </class> <!-- com.sevenmartsupermarket.tests.ManageProductTest -->
    </test> <!-- Default test -->
  </suite> <!-- Default suite -->
</testng-results>
