<?xml version="1.0" encoding="UTF-8"?>
<testng-results ignored="0" total="1" passed="1" failed="0" skipped="0">
  <reporter-output>
  </reporter-output>
  <suite started-at="2025-05-25T14:27:32 IST" name="Default suite" finished-at="2025-05-25T14:27:45 IST" duration-ms="12985">
    <groups>
      <group name="smoke">
        <method signature="LoginTest.dummyTestCase()[pri:0, instance:com.sevenmartsupermarket.tests.LoginTest@6cb107fd]" name="dummyTestCase" class="com.sevenmartsupermarket.tests.LoginTest"/>
      </group> <!-- smoke -->
    </groups>
    <test started-at="2025-05-25T14:27:32 IST" name="Default test" finished-at="2025-05-25T14:27:45 IST" duration-ms="12985">
      <class name="com.sevenmartsupermarket.tests.LoginTest">
        <test-method is-config="true" signature="launchBrowser()[pri:0, instance:com.sevenmartsupermarket.tests.LoginTest@6cb107fd]" started-at="2025-05-25T14:27:32 IST" name="launchBrowser" finished-at="2025-05-25T14:27:44 IST" duration-ms="11745" status="PASS">
          <reporter-output>
          </reporter-output>
        </test-method> <!-- launchBrowser -->
        <test-method signature="dummyTestCase()[pri:0, instance:com.sevenmartsupermarket.tests.LoginTest@6cb107fd]" started-at="2025-05-25T14:27:44 IST" name="dummyTestCase" finished-at="2025-05-25T14:27:45 IST" duration-ms="1137" status="PASS">
          <reporter-output>
          </reporter-output>
        </test-method> <!-- dummyTestCase -->
        <test-method is-config="true" signature="terminateSession(org.testng.ITestResult)[pri:0, instance:com.sevenmartsupermarket.tests.LoginTest@6cb107fd]" started-at="2025-05-25T14:27:45 IST" name="terminateSession" finished-at="2025-05-25T14:27:45 IST" duration-ms="5" status="PASS">
          <params>
            <param index="0">
              <value>
                <![CDATA[[TestResult name=dummyTestCase status=SUCCESS method=LoginTest.dummyTestCase()[pri:0, instance:com.sevenmartsupermarket.tests.LoginTest@6cb107fd] output={null}]]]>
              </value>
            </param>
          </params>
          <reporter-output>
          </reporter-output>
        </test-method> <!-- terminateSession -->
      </class> <!-- com.sevenmartsupermarket.tests.LoginTest -->
    </test> <!-- Default test -->
  </suite> <!-- Default suite -->
</testng-results>
