<?xml version="1.0" encoding="UTF-8"?>
<!-- Generated by org.testng.reporters.JUnitXMLReporter -->
<testsuite ignored="0" hostname="DESKTOP-14E9C6J" failures="0" tests="3" name="manageNewsTest" time="81.509" errors="0" timestamp="2025-05-26T21:21:07 IST">
  <testcase classname="com.sevenmartsupermarket.tests.ManageNewsTest" name="verifyAddNews" time="6.242"/>
  <testcase classname="com.sevenmartsupermarket.tests.ManageNewsTest" name="verifyAddNews" time="27.924"/>
  <testcase classname="com.sevenmartsupermarket.tests.ManageNewsTest" name="verifyAddNews" time="16.807"/>
</testsuite> <!-- manageNewsTest -->
