<?xml version="1.0" encoding="UTF-8"?>
<!-- Generated by org.testng.reporters.JUnitXMLReporter -->
<testsuite ignored="1" hostname="DESKTOP-14E9C6J" failures="0" tests="1" name="Default test" time="9.595" errors="0" timestamp="2025-06-02T12:37:47 IST">
  <testcase classname="com.sevenmartsupermarket.tests.ManageProductTest" name="verifyClickNewButton" time="3.738"/>
  <testcase classname="com.sevenmartsupermarket.tests.ManageProductTest" name="verifyPepsodentProductEditButton" time="0.0">
    <ignored/>
  </testcase> <!-- verifyPepsodentProductEditButton -->
</testsuite> <!-- Default test -->
