<?xml version="1.0" encoding="UTF-8"?>
<!-- Generated by org.testng.reporters.JUnitXMLReporter -->
<testsuite ignored="1" hostname="DESKTOP-14E9C6J" failures="0" tests="1" name="Default test" time="12.985" errors="0" timestamp="2025-05-25T14:27:45 IST">
  <testcase classname="com.sevenmartsupermarket.tests.LoginTest" name="dummyTestCase" time="1.137"/>
  <testcase classname="com.sevenmartsupermarket.tests.LoginTest" name="verifyValidLogin" time="0.0">
    <ignored/>
  </testcase> <!-- verifyValidLogin -->
</testsuite> <!-- Default test -->
